Using pre-set license
Built from '2021.1/release' branch; Version is '2021.1.0f1 (61a549675243) revision 6399305'; Using compiler version '192528614'; Build Type 'Release'
OS: 'Windows 10 Home; OS build 18363.1440; Version 1909; 64bit' Language: 'ru' Physical Memory: 8155 MB
BatchMode: 1, IsHumanControllingUs: 0, StartBugReporterOnCrash: 0, Is64bit: 1, IsPro: 0

 COMMAND LINE ARGUMENTS:
C:\Program Files\Unity\Hub\Editor\2021.1.0f1\Editor\Unity.exe
-adb2
-batchMode
-noUpm
-name
AssetImportWorker53
-projectPath
D:/unity/unity3d
-logFile
Logs/AssetImportWorker53.log
-srvPort
50127
Successfully changed project path to: D:/unity/unity3d
D:/unity/unity3d
Using Asset Import Pipeline V2.
Refreshing native plugins compatible for Editor in 31.08 ms, found 0 plugins.
Preloading 0 native plugins for Editor in 0.00 ms.
Initialize engine version: 2021.1.0f1 (61a549675243)
[Subsystems] Discovering subsystems at path C:/Program Files/Unity/Hub/Editor/2021.1.0f1/Editor/Data/Resources/UnitySubsystems
[Subsystems] Discovering subsystems at path D:/unity/unity3d/Assets
GfxDevice: creating device client; threaded=0; jobified=0
Direct3D:
    Version:  Direct3D 11.0 [level 11.1]
    Renderer: NVIDIA GeForce GTX 1050 Ti (ID=0x1c82)
    Vendor:   NVIDIA
    VRAM:     4018 MB
    Driver:   27.21.14.6192
Initialize mono
Mono path[0] = 'C:/Program Files/Unity/Hub/Editor/2021.1.0f1/Editor/Data/Managed'
Mono path[1] = 'C:/Program Files/Unity/Hub/Editor/2021.1.0f1/Editor/Data/MonoBleedingEdge/lib/mono/unityjit'
Mono config path = 'C:/Program Files/Unity/Hub/Editor/2021.1.0f1/Editor/Data/MonoBleedingEdge/etc'
Using monoOptions --debugger-agent=transport=dt_socket,embedding=1,server=y,suspend=n,address=127.0.0.1:56520
Begin MonoManager ReloadAssembly
Registering precompiled unity dll's ...
Register platform support module: C:/Program Files/Unity/Hub/Editor/2021.1.0f1/Editor/Data/PlaybackEngines/WindowsStandaloneSupport/UnityEditor.WindowsStandalone.Extensions.dll
Registered in 0.002497 seconds.
Native extension for WindowsStandalone target not found
Refreshing native plugins compatible for Editor in 33.21 ms, found 0 plugins.
Preloading 0 native plugins for Editor in 0.00 ms.
Mono: successfully reloaded assembly
- Completed reload, in  1.397 seconds
Platform modules already initialized, skipping
Registering precompiled user dll's ...
Registered in 0.000632 seconds.
Begin MonoManager ReloadAssembly
Native extension for WindowsStandalone target not found
Refreshing native plugins compatible for Editor in 0.25 ms, found 0 plugins.
Preloading 0 native plugins for Editor in 0.00 ms.
Mono: successfully reloaded assembly
- Completed reload, in  0.974 seconds
Platform modules already initialized, skipping
========================================================================
Worker process is ready to serve import requests
Switching build target platform(5) subTarget(0) extendedPlatform(0) -> platform(19) subTarget(0) extendedPlatform(0)
Failed to delete database file Library/ShaderCache.db

Failed to delete database file Library/ShaderCache.db

Fatal Error! Failed to delete database file Library/ShaderCache.db

Crash!!!
SymInit: Symbol-SearchPath: 'C:/Program Files/Unity/Hub/Editor/2021.1.0f1/Editor/Data/Mono;.;D:\unity\unity3d;D:\unity\unity3d\Library\BurstCache\JIT;C:\Program Files\Unity\Hub\Editor\2021.1.0f1\Editor;C:\Windows;C:\Windows\system32;SRV*C:\websymbols*http://msdl.microsoft.com/download/symbols;', symOptions: 534, UserName: 'Андрей'
OS-Version: 10.0.0
C:\Program Files\Unity\Hub\Editor\2021.1.0f1\Editor\Unity.exe:Unity.exe (00007FF641960000), size: 81813504 (result: 0), SymType: '-deferred-', PDB: '', fileVersion: 2021.1.0.42313
C:\Windows\SYSTEM32\ntdll.dll:ntdll.dll (00007FFAD4960000), size: 2031616 (result: 0), SymType: '-deferred-', PDB: '', fileVersion: 10.0.18362.1411
C:\Windows\System32\KERNEL32.DLL:KERNEL32.DLL (00007FFAD4170000), size: 729088 (result: 0), SymType: '-deferred-', PDB: '', fileVersion: 10.0.18362.1350
C:\Windows\System32\KERNELBASE.dll:KERNELBASE.dll (00007FFAD2570000), size: 2772992 (result: 0), SymType: '-deferred-', PDB: '', fileVersion: 10.0.18362.1411
C:\Windows\System32\CRYPT32.dll:CRYPT32.dll (00007FFAD2820000), size: 1380352 (result: 0), SymType: '-deferred-', PDB: '', fileVersion: 10.0.18362.1411
C:\Windows\System32\ucrtbase.dll:ucrtbase.dll (00007FFAD22F0000), size: 1024000 (result: 0), SymType: '-deferred-', PDB: '', fileVersion: 10.0.18362.1110
C:\Windows\System32\MSASN1.dll:MSASN1.dll (00007FFAD1820000), size: 73728 (result: 0), SymType: '-deferred-', PDB: '', fileVersion: 10.0.18362.1
C:\Windows\System32\USER32.dll:USER32.dll (00007FFAD3FD0000), size: 1654784 (result: 0), SymType: '-deferred-', PDB: '', fileVersion: 10.0.18362.1316
C:\Windows\System32\win32u.dll:win32u.dll (00007FFAD2270000), size: 135168 (result: 0), SymType: '-deferred-', PDB: '', fileVersion: 10.0.18362.1440
C:\Windows\System32\GDI32.dll:GDI32.dll (00007FFAD3080000), size: 155648 (result: 0), SymType: '-deferred-', PDB: '', fileVersion: 10.0.18362.1316
C:\Windows\System32\gdi32full.dll:gdi32full.dll (00007FFAD18F0000), size: 1671168 (result: 0), SymType: '-deferred-', PDB: '', fileVersion: 10.0.18362.1440
C:\Windows\System32\msvcp_win.dll:msvcp_win.dll (00007FFAD24D0000), size: 647168 (result: 0), SymType: '-deferred-', PDB: '', fileVersion: 10.0.18362.1110
C:\Program Files\Unity\Hub\Editor\2021.1.0f1\Editor\libfbxsdk.dll:libfbxsdk.dll (00007FFA81EA0000), size: 8974336 (result: 0), SymType: '-deferred-', PDB: '', fileVersion: 2020.0.0.0
C:\Windows\System32\ADVAPI32.dll:ADVAPI32.dll (00007FFAD2A10000), size: 667648 (result: 0), SymType: '-deferred-', PDB: '', fileVersion: 10.0.18362.752
C:\Windows\System32\msvcrt.dll:msvcrt.dll (00007FFAD4390000), size: 647168 (result: 0), SymType: '-deferred-', PDB: '', fileVersion: 7.0.18362.1
C:\Windows\System32\sechost.dll:sechost.dll (00007FFAD3520000), size: 618496 (result: 0), SymType: '-deferred-', PDB: '', fileVersion: 10.0.18362.1316
C:\Windows\System32\RPCRT4.dll:RPCRT4.dll (00007FFAD32C0000), size: 1175552 (result: 0), SymType: '-deferred-', PDB: '', fileVersion: 10.0.18362.1316
C:\Windows\System32\SHELL32.dll:SHELL32.dll (00007FFAD3690000), size: 7241728 (result: 0), SymType: '-deferred-', PDB: '', fileVersion: 10.0.18362.1411
C:\Program Files\Unity\Hub\Editor\2021.1.0f1\Editor\optix.6.0.0.dll:optix.6.0.0.dll (00007FFAC3790000), size: 208896 (result: 0), SymType: '-deferred-', PDB: '', fileVersion: 6.0.0.0
C:\Windows\System32\cfgmgr32.dll:cfgmgr32.dll (00007FFAD22A0000), size: 303104 (result: 0), SymType: '-deferred-', PDB: '', fileVersion: 10.0.18362.387
C:\Windows\System32\shcore.dll:shcore.dll (00007FFAD2FD0000), size: 684032 (result: 0), SymType: '-deferred-', PDB: '', fileVersion: 10.0.18362.1316
C:\Windows\System32\combase.dll:combase.dll (00007FFAD2B20000), size: 3366912 (result: 0), SymType: '-deferred-', PDB: '', fileVersion: 10.0.18362.1411
C:\Windows\System32\bcryptPrimitives.dll:bcryptPrimitives.dll (00007FFAD2980000), size: 528384 (result: 0), SymType: '-deferred-', PDB: '', fileVersion: 10.0.18362.1237
C:\Windows\System32\windows.storage.dll:windows.storage.dll (00007FFAD1AF0000), size: 7843840 (result: 0), SymType: '-deferred-', PDB: '', fileVersion: 10.0.18362.1411
C:\Windows\System32\profapi.dll:profapi.dll (00007FFAD1890000), size: 122880 (result: 0), SymType: '-deferred-', PDB: '', fileVersion: 10.0.18362.1411
C:\Windows\System32\powrprof.dll:powrprof.dll (00007FFAD1840000), size: 303104 (result: 0), SymType: '-deferred-', PDB: '', fileVersion: 10.0.18362.1
C:\Program Files\Unity\Hub\Editor\2021.1.0f1\Editor\OpenImageDenoise.dll:OpenImageDenoise.dll (00007FFA7F4D0000), size: 43806720 (result: 0), SymType: '-deferred-', PDB: ''
C:\Program Files\Unity\Hub\Editor\2021.1.0f1\Editor\umbraoptimizer64.dll:umbraoptimizer64.dll (00007FFA97B30000), size: 1306624 (result: 0), SymType: '-deferred-', PDB: ''
C:\Windows\System32\UMPDC.dll:UMPDC.dll (00007FFAD1810000), size: 65536 (result: 0), SymType: '-deferred-', PDB: ''
C:\Windows\System32\WS2_32.dll:WS2_32.dll (00007FFAD34A0000), size: 454656 (result: 0), SymType: '-deferred-', PDB: '', fileVersion: 10.0.18362.387
C:\Windows\System32\WLDAP32.dll:WLDAP32.dll (00007FFAD3110000), size: 425984 (result: 0), SymType: '-deferred-', PDB: '', fileVersion: 10.0.18362.449
C:\Windows\System32\Normaliz.dll:Normaliz.dll (00007FFAD3FC0000), size: 32768 (result: 0), SymType: '-deferred-', PDB: '', fileVersion: 10.0.18362.1
C:\Windows\System32\shlwapi.dll:shlwapi.dll (00007FFAD2AC0000), size: 335872 (result: 0), SymType: '-deferred-', PDB: '', fileVersion: 10.0.18362.1316
C:\Windows\System32\kernel.appcore.dll:kernel.appcore.dll (00007FFAD18B0000), size: 69632 (result: 0), SymType: '-deferred-', PDB: '', fileVersion: 10.0.18362.1171
C:\Windows\System32\cryptsp.dll:cryptsp.dll (00007FFAD18D0000), size: 94208 (result: 0), SymType: '-deferred-', PDB: '', fileVersion: 10.0.18362.1
C:\Windows\System32\ole32.dll:ole32.dll (00007FFAD4230000), size: 1404928 (result: 0), SymType: '-deferred-', PDB: '', fileVersion: 10.0.18362.1316
C:\Windows\System32\IMM32.dll:IMM32.dll (00007FFAD3F90000), size: 188416 (result: 0), SymType: '-deferred-', PDB: '', fileVersion: 10.0.18362.387
C:\Windows\System32\SETUPAPI.dll:SETUPAPI.dll (00007FFAD4430000), size: 4653056 (result: 0), SymType: '-deferred-', PDB: '', fileVersion: 10.0.18362.1
C:\Program Files\Unity\Hub\Editor\2021.1.0f1\Editor\etccompress.dll:etccompress.dll (00007FFA7E140000), size: 5066752 (result: 0), SymType: '-deferred-', PDB: ''
C:\Windows\System32\bcrypt.dll:bcrypt.dll (00007FFAD24A0000), size: 155648 (result: 0), SymType: '-deferred-', PDB: '', fileVersion: 10.0.18362.1237
C:\Windows\System32\OLEAUT32.dll:OLEAUT32.dll (00007FFAD35C0000), size: 806912 (result: 0), SymType: '-deferred-', PDB: '', fileVersion: 10.0.18362.1377
C:\Windows\System32\WINTRUST.dll:WINTRUST.dll (00007FFAD1A90000), size: 376832 (result: 0), SymType: '-deferred-', PDB: '', fileVersion: 10.0.18362.1377
C:\Program Files\Unity\Hub\Editor\2021.1.0f1\Editor\WinPixEventRuntime.dll:WinPixEventRuntime.dll (00007FFACF710000), size: 45056 (result: 0), SymType: '-deferred-', PDB: '', fileVersion: 1.0.1812.6001
C:\Program Files\Unity\Hub\Editor\2021.1.0f1\Editor\tbb.dll:tbb.dll (00007FFAC13C0000), size: 413696 (result: 0), SymType: '-deferred-', PDB: '', fileVersion: 2017.0.2016.1004
C:\Windows\SYSTEM32\VCRUNTIME140.dll:VCRUNTIME140.dll (00007FFAB5E90000), size: 102400 (result: 0), SymType: '-deferred-', PDB: '', fileVersion: 14.28.29334.0
C:\Program Files\Unity\Hub\Editor\2021.1.0f1\Editor\FreeImage.dll:FreeImage.dll (0000000180000000), size: 6414336 (result: 0), SymType: '-deferred-', PDB: '', fileVersion: 3.18.0.0
C:\Windows\SYSTEM32\OPENGL32.dll:OPENGL32.dll (00007FFA94300000), size: 1400832 (result: 0), SymType: '-deferred-', PDB: '', fileVersion: 10.0.18362.387
C:\Windows\SYSTEM32\GLU32.dll:GLU32.dll (00007FFACA690000), size: 180224 (result: 0), SymType: '-deferred-', PDB: '', fileVersion: 10.0.18362.387
C:\Windows\SYSTEM32\IPHLPAPI.DLL:IPHLPAPI.DLL (00007FFAD0D00000), size: 237568 (result: 0), SymType: '-deferred-', PDB: '', fileVersion: 10.0.18362.1
C:\Windows\SYSTEM32\WINHTTP.dll:WINHTTP.dll (00007FFAC7260000), size: 1024000 (result: 0), SymType: '-deferred-', PDB: '', fileVersion: 10.0.18362.1411
C:\Windows\SYSTEM32\WINMM.dll:WINMM.dll (00007FFACF480000), size: 147456 (result: 0), SymType: '-deferred-', PDB: '', fileVersion: 10.0.18362.1
C:\Program Files\Unity\Hub\Editor\2021.1.0f1\Editor\RadeonImageFilters.dll:RadeonImageFilters.dll (00007FFA7DA40000), size: 2535424 (result: 0), SymType: '-deferred-', PDB: '', fileVersion: 1.5.1.0
C:\Program Files\Unity\Hub\Editor\2021.1.0f1\Editor\SketchUpAPI.dll:SketchUpAPI.dll (00007FFA6B930000), size: 8978432 (result: 0), SymType: '-deferred-', PDB: '', fileVersion: 19.0.753.0
C:\Windows\SYSTEM32\VERSION.dll:VERSION.dll (00007FFACB5A0000), size: 40960 (result: 0), SymType: '-deferred-', PDB: '', fileVersion: 10.0.18362.1
C:\Windows\SYSTEM32\MSVCP140.dll:MSVCP140.dll (00007FFAB5EB0000), size: 598016 (result: 0), SymType: '-deferred-', PDB: '', fileVersion: 14.28.29334.0
C:\Windows\SYSTEM32\MSWSOCK.dll:MSWSOCK.dll (00007FFAD0FF0000), size: 421888 (result: 0), SymType: '-deferred-', PDB: '', fileVersion: 10.0.18362.815
C:\Windows\SYSTEM32\CRYPTBASE.DLL:CRYPTBASE.DLL (00007FFAD11C0000), size: 49152 (result: 0), SymType: '-deferred-', PDB: '', fileVersion: 10.0.18362.1
C:\Windows\SYSTEM32\MSVCP120.dll:MSVCP120.dll (00007FFAB39F0000), size: 679936 (result: 0), SymType: '-deferred-', PDB: '', fileVersion: 12.0.40660.0
C:\Windows\SYSTEM32\MSVCR120.dll:MSVCR120.dll (00007FFAB4420000), size: 978944 (result: 0), SymType: '-deferred-', PDB: '', fileVersion: 12.0.40660.0
C:\Program Files\Unity\Hub\Editor\2021.1.0f1\Editor\ispc_texcomp.dll:ispc_texcomp.dll (00007FFA85BE0000), size: 1744896 (result: 0), SymType: '-deferred-', PDB: ''
C:\Windows\SYSTEM32\WINMMBASE.dll:WINMMBASE.dll (00007FFACF420000), size: 184320 (result: 0), SymType: '-deferred-', PDB: '', fileVersion: 10.0.18362.1
C:\Windows\SYSTEM32\Secur32.dll:Secur32.dll (00007FFAAC9B0000), size: 49152 (result: 0), SymType: '-deferred-', PDB: '', fileVersion: 10.0.18362.1
C:\Program Files\Unity\Hub\Editor\2021.1.0f1\Editor\SketchUpCommonPreferences.dll:SketchUpCommonPreferences.dll (00007FFAAC330000), size: 483328 (result: 0), SymType: '-deferred-', PDB: '', fileVersion: 19.0.753.20342
C:\Windows\SYSTEM32\VCRUNTIME140_1.dll:VCRUNTIME140_1.dll (00007FFAB5DD0000), size: 49152 (result: 0), SymType: '-deferred-', PDB: '', fileVersion: 14.28.29334.0
C:\Windows\SYSTEM32\dxcore.dll:dxcore.dll (00007FFAD0450000), size: 131072 (result: 0), SymType: '-deferred-', PDB: '', fileVersion: 10.0.18362.1316
C:\Windows\SYSTEM32\SSPICLI.DLL:SSPICLI.DLL (00007FFAD1720000), size: 225280 (result: 0), SymType: '-deferred-', PDB: '', fileVersion: 10.0.18362.1049
C:\Windows\SYSTEM32\HID.DLL:HID.DLL (00007FFAD03F0000), size: 57344 (result: 0), SymType: '-deferred-', PDB: '', fileVersion: 10.0.18362.1
C:\Program Files\Unity\Hub\Editor\2021.1.0f1\Editor\OpenRL.dll:OpenRL.dll (0000017968510000), size: 12779520 (result: 0), SymType: '-deferred-', PDB: '', fileVersion: 1.5.0.2907
C:\Windows\SYSTEM32\MSVCP100.dll:MSVCP100.dll (000000006FFC0000), size: 622592 (result: 0), SymType: '-deferred-', PDB: '', fileVersion: 10.0.40219.325
C:\Windows\SYSTEM32\MSVCR100.dll:MSVCR100.dll (000000006FEE0000), size: 860160 (result: 0), SymType: '-deferred-', PDB: '', fileVersion: 10.0.40219.325
C:\Program Files\Unity\Hub\Editor\2021.1.0f1\Editor\embree.dll:embree.dll (00007FFA5CAB0000), size: 16711680 (result: 0), SymType: '-deferred-', PDB: '', fileVersion: 2.14.0.0
C:\Program Files\Unity\Hub\Editor\2021.1.0f1\Editor\OpenRL_pthread.dll:OpenRL_pthread.dll (0000017969160000), size: 61440 (result: 0), SymType: '-deferred-', PDB: '', fileVersion: 2.9.0.0
C:\Windows\system32\uxtheme.dll:uxtheme.dll (00007FFACF380000), size: 626688 (result: 0), SymType: '-deferred-', PDB: '', fileVersion: 10.0.18362.1316
C:\Windows\System32\clbcatq.dll:clbcatq.dll (00007FFAD33F0000), size: 663552 (result: 0), SymType: '-deferred-', PDB: '', fileVersion: 2001.12.10941.16384
C:\Windows\System32\netprofm.dll:netprofm.dll (00007FFABC390000), size: 249856 (result: 0), SymType: '-deferred-', PDB: '', fileVersion: 10.0.18362.1316
C:\Windows\System32\NSI.dll:NSI.dll (00007FFAD33E0000), size: 32768 (result: 0), SymType: '-deferred-', PDB: '', fileVersion: 10.0.18362.1171
C:\Windows\SYSTEM32\dhcpcsvc6.DLL:dhcpcsvc6.DLL (00007FFABE940000), size: 90112 (result: 0), SymType: '-deferred-', PDB: '', fileVersion: 10.0.18362.1171
C:\Windows\SYSTEM32\dhcpcsvc.DLL:dhcpcsvc.DLL (00007FFAC7360000), size: 114688 (result: 0), SymType: '-deferred-', PDB: '', fileVersion: 10.0.18362.1171
C:\Windows\System32\npmproxy.dll:npmproxy.dll (00007FFABBEC0000), size: 65536 (result: 0), SymType: '-deferred-', PDB: '', fileVersion: 10.0.18362.1316
C:\Windows\SYSTEM32\DNSAPI.dll:DNSAPI.dll (00007FFAD0D40000), size: 831488 (result: 0), SymType: '-deferred-', PDB: '', fileVersion: 10.0.18362.1316
C:\Windows\System32\fwpuclnt.dll:fwpuclnt.dll (00007FFABE700000), size: 487424 (result: 0), SymType: '-deferred-', PDB: '', fileVersion: 10.0.18362.1411
C:\Windows\System32\rasadhlp.dll:rasadhlp.dll (00007FFABE6F0000), size: 40960 (result: 0), SymType: '-deferred-', PDB: '', fileVersion: 10.0.18362.1
C:\Program Files\Unity\Hub\Editor\2021.1.0f1\Editor\Data\Tools\astcenc-avx2.dll:astcenc-avx2.dll (00007FFA7EA20000), size: 602112 (result: 0), SymType: '-deferred-', PDB: ''
C:\Windows\SYSTEM32\d3d11.dll:d3d11.dll (00007FFACE900000), size: 2469888 (result: 0), SymType: '-deferred-', PDB: '', fileVersion: 10.0.18362.1411
C:\Windows\SYSTEM32\dxgi.dll:dxgi.dll (00007FFAD04E0000), size: 962560 (result: 0), SymType: '-deferred-', PDB: '', fileVersion: 10.0.18362.1316
C:\Windows\System32\DriverStore\FileRepository\nv_dispsi.inf_amd64_48f43c6897115490\nvldumdx.dll:nvldumdx.dll (00007FFACBB80000), size: 1069056 (result: 0), SymType: '-deferred-', PDB: '', fileVersion: 27.21.14.6192
C:\Windows\SYSTEM32\cryptnet.dll:cryptnet.dll (00007FFACB570000), size: 192512 (result: 0), SymType: '-deferred-', PDB: '', fileVersion: 10.0.18362.1
C:\Windows\System32\imagehlp.dll:imagehlp.dll (00007FFAD2FB0000), size: 118784 (result: 0), SymType: '-deferred-', PDB: '', fileVersion: 10.0.18362.1
C:\Windows\system32\rsaenh.dll:rsaenh.dll (00007FFAD0B70000), size: 208896 (result: 0), SymType: '-deferred-', PDB: '', fileVersion: 10.0.18362.1
C:\Windows\System32\DriverStore\FileRepository\nv_dispsi.inf_amd64_48f43c6897115490\nvwgf2umx.dll:nvwgf2umx.dll (00007FFA8E7D0000), size: 77426688 (result: 0), SymType: '-deferred-', PDB: '', fileVersion: 27.21.14.6192
C:\Windows\system32\nvspcap64.dll:nvspcap64.dll (00007FFAB7920000), size: 2854912 (result: 0), SymType: '-deferred-', PDB: '', fileVersion: 3.21.0.36
C:\Windows\SYSTEM32\ntmarta.dll:ntmarta.dll (00007FFAD0850000), size: 200704 (result: 0), SymType: '-deferred-', PDB: '', fileVersion: 10.0.18362.1
C:\Windows\system32\wbem\wbemprox.dll:wbemprox.dll (00007FFAC1200000), size: 69632 (result: 0), SymType: '-deferred-', PDB: '', fileVersion: 10.0.18362.1411
C:\Windows\SYSTEM32\wbemcomn.dll:wbemcomn.dll (00007FFABF320000), size: 589824 (result: 0), SymType: '-deferred-', PDB: '', fileVersion: 10.0.18362.1411
C:\Windows\system32\wbem\wbemsvc.dll:wbemsvc.dll (00007FFABEA00000), size: 81920 (result: 0), SymType: '-deferred-', PDB: '', fileVersion: 10.0.18362.1411
C:\Windows\system32\wbem\fastprox.dll:fastprox.dll (00007FFABEA20000), size: 1052672 (result: 0), SymType: '-deferred-', PDB: '', fileVersion: 10.0.18362.1
C:\Windows\SYSTEM32\amsi.dll:amsi.dll (00007FFABC5E0000), size: 94208 (result: 0), SymType: '-deferred-', PDB: '', fileVersion: 10.0.18362.1316
C:\Windows\SYSTEM32\USERENV.dll:USERENV.dll (00007FFAD16F0000), size: 151552 (result: 0), SymType: '-deferred-', PDB: '', fileVersion: 10.0.18362.1139
C:\ProgramData\Microsoft\Windows Defender\Platform\4.18.2102.4-0\MpOav.dll:MpOav.dll (00007FFABC560000), size: 503808 (result: 0), SymType: '-deferred-', PDB: '', fileVersion: 4.18.2102.4
C:\Program Files\Unity\Hub\Editor\2021.1.0f1\Editor\cudart64_90.dll:cudart64_90.dll (00007FFA59790000), size: 397312 (result: 0), SymType: '-deferred-', PDB: '', fileVersion: 6.14.11.9000
C:\Windows\SYSTEM32\opencl.dll:opencl.dll (00007FFA59620000), size: 1462272 (result: 0), SymType: '-deferred-', PDB: '', fileVersion: 2.2.8.0
C:\Program Files\Unity\Hub\Editor\2021.1.0f1\Editor\radeonrays.dll:radeonrays.dll (00007FFA59590000), size: 552960 (result: 0), SymType: '-deferred-', PDB: ''
C:\Program Files\Unity\Hub\Editor\2021.1.0f1\Editor\Data\MonoBleedingEdge\EmbedRuntime\mono-2.0-bdwgc.dll:mono-2.0-bdwgc.dll (00007FFA58E20000), size: 7790592 (result: 0), SymType: '-deferred-', PDB: ''
C:\Windows\System32\PSAPI.DLL:PSAPI.DLL (00007FFAD3510000), size: 32768 (result: 0), SymType: '-deferred-', PDB: '', fileVersion: 10.0.18362.1
C:\Windows\SYSTEM32\dbghelp.dll:dbghelp.dll (00007FFAD0070000), size: 2048000 (result: 0), SymType: '-deferred-', PDB: '', fileVersion: 10.0.18362.1440

========== OUTPUTTING STACK TRACE ==================

0x00007FFAD25B3B29 (KERNELBASE) RaiseException
0x00007FF642B1937C (Unity) EditorMonoConsole::LogToConsoleImplementation
0x00007FF642B19BF1 (Unity) EditorMonoConsole::LogToConsoleImplementation
0x00007FF643F24298 (Unity) DebugStringToFilePostprocessedStacktrace
0x00007FF643F23A8B (Unity) DebugStringToFile
0x00007FF642C5AA28 (Unity) GetShaderCacheDatabase
0x00007FF642C5256E (Unity) ClearRuntimeShaderErrorsInDB
0x00007FF643F85FB9 (Unity) Shader::ReloadAllShaders
0x00007FF6430F54A4 (Unity) <lambda_b8d7149c13e04c595cbe2952d7e0317a>::operator()
0x00007FF643179992 (Unity) asio::detail::completion_handler<core::mutable_function<void __cdecl(void)> >::do_complete
0x00007FF64317BC00 (Unity) asio::detail::win_iocp_io_service::do_one
0x00007FF64317F2C6 (Unity) asio::io_service::run
0x00007FF64311E97A (Unity) RunAssetImportWorkerClientV2
0x00007FF64311E9D0 (Unity) RunAssetImporterV2
0x00007FF642C26056 (Unity) Application::InitializeProject
0x00007FF643031797 (Unity) WinMain
0x00007FF644B91422 (Unity) __scrt_common_main_seh
0x00007FFAD4187C24 (KERNEL32) BaseThreadInitThunk
0x00007FFAD49CD721 (ntdll) RtlUserThreadStart

========== END OF STACKTRACE ===========

A crash has been intercepted by the crash handler. For call stack and other details, see the latest crash report generated in:
 * C:/Users/A4F7~1/AppData/Local/Temp/Unity/Editor/Crashes
